#
# There is insufficient memory for the Java Runtime Environment to continue.
# Native memory allocation (mmap) failed to map 134217728 bytes for Failed to commit area from 0x0000000081e00000 to 0x0000000089e00000 of length 134217728.
# Possible reasons:
#   The system is out of physical RAM or swap space
#   The process is running with CompressedOops enabled, and the Java Heap may be blocking the growth of the native heap
# Possible solutions:
#   Reduce memory load on the system
#   Increase physical memory or swap space
#   Check if swap backing store is full
#   Decrease Java heap size (-Xmx/-Xms)
#   Decrease number of Java threads
#   Decrease Java thread stack sizes (-Xss)
#   Set larger code cache with -XX:ReservedCodeCacheSize=
# This output file may be truncated or incomplete.
#
#  Out of Memory Error (t:/workspace/open/src/hotspot/os/windows/os_windows.cpp:3301), pid=139904, tid=148392
#
# JRE version:  (13.0+33) (build )
# Java VM: OpenJDK 64-Bit Server VM (13+33, mixed mode, aot, sharing, tiered, compressed oops, g1 gc, windows-amd64)
# No core dump will be written. Minidumps are not enabled by default on client versions of Windows
#

---------------  S U M M A R Y ------------

Command Line: 

Host: Intel(R) Core(TM) i5-7200U CPU @ 2.50GHz, 4 cores, 7G,  Windows 10 , 64 bit Build 17134 (10.0.17134.753)
Time: Tue Oct 15 17:50:18 2019 Eastern Daylight Time elapsed time: 0 seconds (0d 0h 0m 0s)

---------------  T H R E A D  ---------------

Current thread (0x000001f383d0c000):  JavaThread "Unknown thread" [_thread_in_vm, id=148392, stack(0x000000a377d00000,0x000000a377e00000)]

Stack: [0x000000a377d00000,0x000000a377e00000]
Native frames: (J=compiled Java code, j=interpreted, Vv=VM code, C=native code)
V  [jvm.dll+0x626eaa]
V  [jvm.dll+0x772c4a]
V  [jvm.dll+0x7743ff]
V  [jvm.dll+0x774a03]
V  [jvm.dll+0x24da38]
V  [jvm.dll+0x62436a]
V  [jvm.dll+0x618f55]
V  [jvm.dll+0x30c5fc]
V  [jvm.dll+0x30c432]
V  [jvm.dll+0x311ba6]
V  [jvm.dll+0x355cc6]
V  [jvm.dll+0x3554a0]
V  [jvm.dll+0x2e727a]
V  [jvm.dll+0x2e8512]
V  [jvm.dll+0x74fcb8]
V  [jvm.dll+0x363719]
V  [jvm.dll+0x732da5]
V  [jvm.dll+0x3ce2cf]
V  [jvm.dll+0x3d05f1]
C  [jli.dll+0x51ff]
C  [ucrtbase.dll+0x1e3fe]
C  [KERNEL32.DLL+0x14034]
C  [ntdll.dll+0x73691]


---------------  P R O C E S S  ---------------

Threads class SMR info:
_java_thread_list=0x00007ff9753a46b8, length=0, elements={
}

Java Threads: ( => current thread )

Other Threads:
  0x000001f383d50800 GCTaskThread "GC Thread#0" [stack: 0x000000a377e00000,0x000000a377f00000] [id=147772]
  0x000001f383d64000 ConcurrentGCThread "G1 Main Marker" [stack: 0x000000a377f00000,0x000000a378000000] [id=142304]
  0x000001f383d66000 ConcurrentGCThread "G1 Conc#0" [stack: 0x000000a378000000,0x000000a378100000] [id=141104]

[error occurred during error reporting (printing all threads), id 0xc0000005, EXCEPTION_ACCESS_VIOLATION (0xc0000005) at pc=0x00007ff974bd6f47]

VM state:not at safepoint (not fully initialized)

VM Mutex/Monitor currently owned by a thread:  ([mutex/lock_event])
[0x000001f383d08a50] Heap_lock - owner thread: 0x000001f383d0c000

Heap address: 0x0000000081e00000, size: 2018 MB, Compressed Oops mode: Non-zero based: 0x0000000081e00000
Narrow klass base: 0x0000000000000000, Narrow klass shift: 0

GC Heap History (0 events):
No events

Deoptimization events (0 events):
No events

Classes unloaded (0 events):
No events

Classes redefined (0 events):
No events

Internal exceptions (0 events):
No events

Events (8 events):
Event: 0.040 Loaded shared library D:\Program Files\Java\jdk-13\bin\zip.dll
Event: 0.041 Loaded shared library D:\Program Files\Java\jdk-13\bin\jimage.dll
Event: 0.079 Loading shared library D:\Program Files\Java\jdk-13\lib\libjava.base-coop.dll failed, error code 126
Event: 0.079 Loading shared library D:\Program Files\Java\jdk-13\lib\libjava.logging-coop.dll failed, error code 126
Event: 0.079 Loading shared library D:\Program Files\Java\jdk-13\lib\libjdk.compiler-coop.dll failed, error code 126
Event: 0.079 Loading shared library D:\Program Files\Java\jdk-13\lib\libjdk.scripting.nashorn-coop.dll failed, error code 126
Event: 0.079 Loading shared library D:\Program Files\Java\jdk-13\lib\libjdk.internal.vm.ci-coop.dll failed, error code 126
Event: 0.080 Loading shared library D:\Program Files\Java\jdk-13\lib\libjdk.internal.vm.compiler-coop.dll failed, error code 126


Dynamic libraries:
0x00007ff7f6e30000 - 0x00007ff7f6e3d000 	D:\Program Files\Java\jdk-13\bin\java.exe
0x00007ff9ded40000 - 0x00007ff9def21000 	C:\WINDOWS\SYSTEM32\ntdll.dll
0x00007ff9ddc30000 - 0x00007ff9ddce1000 	C:\WINDOWS\System32\KERNEL32.DLL
0x00007ff9dbde0000 - 0x00007ff9dc053000 	C:\WINDOWS\System32\KERNELBASE.dll
0x00007ff9dc060000 - 0x00007ff9dc158000 	C:\WINDOWS\System32\ucrtbase.dll
0x00007ff9cc9e0000 - 0x00007ff9cc9f5000 	D:\Program Files\Java\jdk-13\bin\VCRUNTIME140.dll
0x00007ff9cc9c0000 - 0x00007ff9cc9d8000 	D:\Program Files\Java\jdk-13\bin\jli.dll
0x00007ff9de490000 - 0x00007ff9de620000 	C:\WINDOWS\System32\USER32.dll
0x00007ff9dc160000 - 0x00007ff9dc180000 	C:\WINDOWS\System32\win32u.dll
0x00007ff9dec60000 - 0x00007ff9dec88000 	C:\WINDOWS\System32\GDI32.dll
0x00007ff9ca6f0000 - 0x00007ff9ca959000 	C:\WINDOWS\WinSxS\amd64_microsoft.windows.common-controls_6595b64144ccf1df_6.0.17134.950_none_fb3da4273069d3e0\COMCTL32.dll
0x00007ff9dbc40000 - 0x00007ff9dbdd1000 	C:\WINDOWS\System32\gdi32full.dll
0x00007ff9ddb90000 - 0x00007ff9ddc2e000 	C:\WINDOWS\System32\msvcrt.dll
0x00007ff9db490000 - 0x00007ff9db52f000 	C:\WINDOWS\System32\msvcp_win.dll
0x00007ff9dc420000 - 0x00007ff9dc742000 	C:\WINDOWS\System32\combase.dll
0x00007ff9de620000 - 0x00007ff9de744000 	C:\WINDOWS\System32\RPCRT4.dll
0x00007ff9db220000 - 0x00007ff9db299000 	C:\WINDOWS\System32\bcryptPrimitives.dll
0x00007ff9deac0000 - 0x00007ff9deaed000 	C:\WINDOWS\System32\IMM32.DLL
0x00007ff99f340000 - 0x00007ff99f3db000 	D:\Program Files\Java\jdk-13\bin\msvcp140.dll
0x00007ff9748e0000 - 0x00007ff975446000 	D:\Program Files\Java\jdk-13\bin\server\jvm.dll
0x00007ff9deb50000 - 0x00007ff9debf1000 	C:\WINDOWS\System32\ADVAPI32.dll
0x00007ff9deaf0000 - 0x00007ff9deb4b000 	C:\WINDOWS\System32\sechost.dll
0x00007ff9dddc0000 - 0x00007ff9dddc8000 	C:\WINDOWS\System32\PSAPI.DLL
0x00007ff9d09f0000 - 0x00007ff9d09fa000 	C:\WINDOWS\SYSTEM32\VERSION.dll
0x00007ff9c8990000 - 0x00007ff9c8999000 	C:\WINDOWS\SYSTEM32\WSOCK32.dll
0x00007ff9d7780000 - 0x00007ff9d77a3000 	C:\WINDOWS\SYSTEM32\WINMM.dll
0x00007ff9de750000 - 0x00007ff9de7bc000 	C:\WINDOWS\System32\WS2_32.dll
0x00007ff9d76c0000 - 0x00007ff9d76ea000 	C:\WINDOWS\SYSTEM32\winmmbase.dll
0x00007ff9dc180000 - 0x00007ff9dc1c9000 	C:\WINDOWS\System32\cfgmgr32.dll
0x00007ff9db0f0000 - 0x00007ff9db101000 	C:\WINDOWS\System32\kernel.appcore.dll
0x00007ff9d06f0000 - 0x00007ff9d0700000 	D:\Program Files\Java\jdk-13\bin\verify.dll
0x00007ff9daba0000 - 0x00007ff9dad69000 	C:\WINDOWS\SYSTEM32\DBGHELP.DLL
0x00007ff9da940000 - 0x00007ff9da969000 	C:\WINDOWS\SYSTEM32\dbgcore.DLL
0x00007ff9cc8e0000 - 0x00007ff9cc906000 	D:\Program Files\Java\jdk-13\bin\java.dll
0x00007ff9c1c00000 - 0x00007ff9c1c17000 	D:\Program Files\Java\jdk-13\bin\zip.dll
0x00007ff9cfa50000 - 0x00007ff9cfa5a000 	D:\Program Files\Java\jdk-13\bin\jimage.dll

dbghelp: loaded successfully - version: 4.0.5 - missing functions: none
symbol engine: initialized successfully - sym options: 0x614 - pdb path: .;D:\Program Files\Java\jdk-13\bin;C:\WINDOWS\SYSTEM32;C:\WINDOWS\WinSxS\amd64_microsoft.windows.common-controls_6595b64144ccf1df_6.0.17134.950_none_fb3da4273069d3e0;D:\Program Files\Java\jdk-13\bin\server

VM Arguments:
java_command: <unknown>
java_class_path (initial): <not set>
Launcher Type: SUN_STANDARD

[Global flags]
     intx CICompilerCount                          = 3                                         {product} {ergonomic}
     uint ConcGCThreads                            = 1                                         {product} {ergonomic}
     uint G1ConcRefinementThreads                  = 4                                         {product} {ergonomic}
   size_t G1HeapRegionSize                         = 1048576                                   {product} {ergonomic}
    uintx GCDrainStackTargetSize                   = 64                                        {product} {ergonomic}
   size_t InitialHeapSize                          = 134217728                                 {product} {ergonomic}
   size_t MarkStackSize                            = 4194304                                   {product} {ergonomic}
   size_t MaxHeapSize                              = 2116026368                                {product} {ergonomic}
   size_t MinHeapDeltaBytes                        = 1048576                                   {product} {ergonomic}
   size_t MinHeapSize                              = 8388608                                   {product} {ergonomic}
    uintx NonNMethodCodeHeapSize                   = 5830732                                {pd product} {ergonomic}
    uintx NonProfiledCodeHeapSize                  = 122913754                              {pd product} {ergonomic}
    uintx ProfiledCodeHeapSize                     = 122913754                              {pd product} {ergonomic}
    uintx ReservedCodeCacheSize                    = 251658240                              {pd product} {ergonomic}
     bool SegmentedCodeCache                       = true                                      {product} {ergonomic}
   size_t SoftMaxHeapSize                          = 2116026368                             {manageable} {ergonomic}
     bool UseCompressedClassPointers               = true                                 {lp64_product} {ergonomic}
     bool UseCompressedOops                        = true                                 {lp64_product} {ergonomic}
     bool UseG1GC                                  = true                                      {product} {ergonomic}
     bool UseLargePagesIndividualAllocation        = false                                  {pd product} {ergonomic}

Logging:
Log output configuration:
 #0: stdout all=warning uptime,level,tags
 #1: stderr all=off uptime,level,tags

Environment Variables:
JAVA_HOME=D:\Program Files\Java\jdk-13
PATH=D:\Program Files\Java\jdk-13\bin;C:\Program Files (x86)\Common Files\Oracle\Java\javapath;C:\Program Files (x86)\NVIDIA Corporation\PhysX\Common;C:\ProgramData\Oracle\Java\javapath;D:\Program Files\Java\jdk-13\bin;C:\Program Files (x86)\Intel\iCLS Client\;C:\Program Files\Intel\iCLS Client\;C:\WINDOWS\system32;C:\WINDOWS;C:\WINDOWS\System32\Wbem;C:\WINDOWS\System32\WindowsPowerShell\v1.0\;C:\Program Files (x86)\Intel\Intel(R) Management Engine Components\DAL;C:\Program Files\Intel\Intel(R) Management Engine Components\DAL;C:\Program Files (x86)\Intel\Intel(R) Management Engine Components\IPT;C:\Program Files\Intel\Intel(R) Management Engine Components\IPT;C:\Program Files (x86)\PharosSystems\Core;C:\Program Files (x86)\GtkSharp\2.12\bin;D:\Program Files\Java\jdk-13\bin;C:\Program Files (x86)\Common Files\Adobe\AGL;C:\WINDOWS\System32\OpenSSH\;C:\Program Files\PuTTY\;D:\Program Files\nodejs\;C:\Users\Natasha\AppData\Local\Microsoft\WindowsApps;C:\Users\Natasha\AppData\Local\Google\Cloud SDK\google-cloud-sdk\bin;C:\Users\Natasha\AppData\Local\Programs\Git\cmd;C:\Users\Natasha\AppData\Roaming\npm;C:\Users\Natasha\AppData\Local\atom\bin
USERNAME=Natasha
OS=Windows_NT
PROCESSOR_IDENTIFIER=Intel64 Family 6 Model 142 Stepping 9, GenuineIntel



---------------  S Y S T E M  ---------------

OS: Windows 10 , 64 bit Build 17134 (10.0.17134.753)

CPU:total 4 (initial active 4) (2 cores per cpu, 2 threads per core) family 6 model 142 stepping 9, cmov, cx8, fxsr, mmx, sse, sse2, sse3, ssse3, sse4.1, sse4.2, popcnt, avx, avx2, aes, clmul, erms, 3dnowpref, lzcnt, ht, tsc, tscinvbit, bmi1, bmi2, adx, fma

Memory: 4k page, system-wide physical 8064M (1777M free)
TotalPageFile size 11887M (AvailPageFile size 91M)
current process WorkingSet (physical memory assigned to process): 10M, peak: 10M
current process commit charge ("private bytes"): 52M, peak: 180M

vm_info: OpenJDK 64-Bit Server VM (13+33) for windows-amd64 JRE (13+33), built on Aug  9 2019 11:21:18 by "mach5one" with unknown MS VC++:1916

END.
